#
# There is insufficient memory for the Java Runtime Environment to continue.
# Native memory allocation (malloc) failed to allocate 1048576 bytes for AllocateHeap
# Possible reasons:
#   The system is out of physical RAM or swap space
#   In 32 bit mode, the process size limit was hit
# Possible solutions:
#   Reduce memory load on the system
#   Increase physical memory or swap space
#   Check if swap backing store is full
#   Use 64 bit Java on a 64 bit OS
#   Decrease Java heap size (-Xmx/-Xms)
#   Decrease number of Java threads
#   Decrease Java thread stack sizes (-Xss)
#   Set larger code cache with -XX:ReservedCodeCacheSize=
# This output file may be truncated or incomplete.
#
#  Out of Memory Error (memory/allocation.inline.hpp:61), pid=1476, tid=9896
#
# JRE version:  (8.0_65-b17) (build )
# Java VM: Java HotSpot(TM) 64-Bit Server VM (25.65-b01 mixed mode windows-amd64 compressed oops)
# Failed to write core dump. Minidumps are not enabled by default on client versions of Windows
#

---------------  T H R E A D  ---------------

Current thread (0x0000000001fc0800):  JavaThread "Unknown thread" [_thread_in_vm, id=9896, stack(0x0000000001e70000,0x0000000001f70000)]

Stack: [0x0000000001e70000,0x0000000001f70000]
[error occurred during error reporting (printing stack bounds), id 0xc0000005]

Native frames: (J=compiled Java code, j=interpreted, Vv=VM code, C=native code)


---------------  P R O C E S S  ---------------

Java Threads: ( => current thread )

Other Threads:

=>0x0000000001fc0800 (exited) JavaThread "Unknown thread" [_thread_in_vm, id=9896, stack(0x0000000001e70000,0x0000000001f70000)]

VM state:not at safepoint (normal execution)

VM Mutex/Monitor currently owned by a thread: None

Heap:
 PSYoungGen      total 9728K, used 174K [0x00000000f5f00000, 0x00000000f6980000, 0x0000000100000000)
  eden space 8704K, 2% used [0x00000000f5f00000,0x00000000f5f2b860,0x00000000f6780000)
  from space 1024K, 0% used [0x00000000f6880000,0x00000000f6880000,0x00000000f6980000)
  to   space 1024K, 0% used [0x00000000f6780000,0x00000000f6780000,0x00000000f6880000)
 ParOldGen       total 22016K, used 0K [0x00000000e1c00000, 0x00000000e3180000, 0x00000000f5f00000)
  object space 22016K, 0% used [0x00000000e1c00000,0x00000000e1c00000,0x00000000e3180000)
 Metaspace       used 743K, capacity 4480K, committed 4480K, reserved 1056768K
  class space    used 75K, capacity 384K, committed 384K, reserved 1048576K

Card table byte_map: [0x0000000011480000,0x0000000011580000] byte_map_base: 0x0000000010d72000

Marking Bits: (ParMarkBitMap*) 0x00000000684fa5b0
 Begin Bits: [0x0000000011830000, 0x0000000011fc0000)
 End Bits:   [0x0000000011fc0000, 0x0000000012750000)

Polling page: 0x0000000000330000

CodeCache: size=245760Kb used=327Kb max_used=327Kb free=245432Kb
 bounds [0x00000000020c0000, 0x0000000002330000, 0x00000000110c0000]
 total_blobs=56 nmethods=0 adapters=37
 compilation: enabled

Compilation events (0 events):
No events

GC Heap History (0 events):
No events

Deoptimization events (0 events):
No events

Internal exceptions (0 events):
No events

Events (10 events):
Event: 0.109 loading class java/lang/Short
Event: 0.109 loading class java/lang/Short done
Event: 0.109 loading class java/lang/Integer
Event: 0.110 loading class java/lang/Integer done
Event: 0.110 loading class java/lang/Long
Event: 0.110 loading class java/lang/Long done
Event: 0.111 loading class java/lang/NullPointerException
Event: 0.111 loading class java/lang/NullPointerException done
Event: 0.111 loading class java/lang/ArithmeticException
Event: 0.112 loading class java/lang/ArithmeticException done


Dynamic libraries:
0x00007ff689d40000 - 0x00007ff689d77000 	C:\Program Files\Java\jre1.8.0_65\bin\javaw.exe
0x00007fff1f4b0000 - 0x00007fff1f671000 	C:\WINDOWS\SYSTEM32\ntdll.dll
0x00007fff1e960000 - 0x00007fff1ea0d000 	C:\WINDOWS\system32\KERNEL32.DLL
0x00007fff1bf80000 - 0x00007fff1c15d000 	C:\WINDOWS\system32\KERNELBASE.dll
0x00007fff1eb40000 - 0x00007fff1ebe6000 	C:\WINDOWS\system32\ADVAPI32.dll
0x00007fff1ec50000 - 0x00007fff1eced000 	C:\WINDOWS\system32\msvcrt.dll
0x00007fff1ebf0000 - 0x00007fff1ec4b000 	C:\WINDOWS\system32\sechost.dll
0x00007fff1e7c0000 - 0x00007fff1e8e6000 	C:\WINDOWS\system32\RPCRT4.dll
0x00007fff1cd50000 - 0x00007fff1ce9e000 	C:\WINDOWS\system32\USER32.dll
0x00007fff1eea0000 - 0x00007fff1f026000 	C:\WINDOWS\system32\GDI32.dll
0x00007fff13ca0000 - 0x00007fff13f14000 	C:\WINDOWS\WinSxS\amd64_microsoft.windows.common-controls_6595b64144ccf1df_6.0.10240.16384_none_f41f7b285750ef43\COMCTL32.dll
0x00007fff1d1c0000 - 0x00007fff1d1f6000 	C:\WINDOWS\system32\IMM32.DLL
0x00007fff1d060000 - 0x00007fff1d1bc000 	C:\WINDOWS\system32\MSCTF.dll
0x0000000067b30000 - 0x0000000067c02000 	C:\Program Files\Java\jre1.8.0_65\bin\msvcr100.dll
0x0000000067cf0000 - 0x0000000068579000 	C:\Program Files\Java\jre1.8.0_65\bin\server\jvm.dll
0x00007fff1cf00000 - 0x00007fff1cf08000 	C:\WINDOWS\system32\PSAPI.DLL
0x00007fff17f20000 - 0x00007fff17f29000 	C:\WINDOWS\SYSTEM32\WSOCK32.dll
0x00007fff1e8f0000 - 0x00007fff1e959000 	C:\WINDOWS\system32\WS2_32.dll
0x00007fff1f030000 - 0x00007fff1f038000 	C:\WINDOWS\system32\NSI.dll
0x00007fff1a560000 - 0x00007fff1a583000 	C:\WINDOWS\SYSTEM32\WINMM.dll
0x00007fff13720000 - 0x00007fff1372a000 	C:\WINDOWS\SYSTEM32\VERSION.dll
0x00007fff1a500000 - 0x00007fff1a52c000 	C:\WINDOWS\SYSTEM32\WINMMBASE.dll
0x00007fff1ca20000 - 0x00007fff1ca64000 	C:\WINDOWS\system32\cfgmgr32.dll
0x00007fff1a850000 - 0x00007fff1a877000 	C:\WINDOWS\SYSTEM32\DEVOBJ.dll
0x0000000067ce0000 - 0x0000000067cef000 	C:\Program Files\Java\jre1.8.0_65\bin\verify.dll
0x0000000067cb0000 - 0x0000000067cd9000 	C:\Program Files\Java\jre1.8.0_65\bin\java.dll
0x0000000067c90000 - 0x0000000067ca6000 	C:\Program Files\Java\jre1.8.0_65\bin\zip.dll

VM Arguments:
jvm_args: -Dfile.encoding=Cp1252 
java_command: Curso
java_class_path (initial): C:\Users\Sussan Rodriguez\workspace\Tarea_Laboratorio\bin
Launcher Type: SUN_STANDARD

Environment Variables:
PATH=C:/Program Files/Java/jre1.8.0_65/bin/server;C:/Program Files/Java/jre1.8.0_65/bin;C:/Program Files/Java/jre1.8.0_65/lib/amd64;C:\ProgramData\Oracle\Java\javapath;C:\Program Files\Java\jdk1.8.0_60\bin;C:\WINDOWS\system32;C:\WINDOWS;C:\WINDOWS\System32\Wbem;C:\WINDOWS\System32\WindowsPowerShell\v1.0\;C:\Users\Sussan Rodriguez\Documents\eclipse;
USERNAME=Sussan Rodriguez
OS=Windows_NT
PROCESSOR_IDENTIFIER=Intel64 Family 6 Model 55 Stepping 8, GenuineIntel



---------------  S Y S T E M  ---------------

OS: Windows 10.0 , 64 bit Build 10240 (10.0.10240.16384)

CPU:total 2 (2 cores per cpu, 1 threads per core) family 6 model 55 stepping 8, cmov, cx8, fxsr, mmx, sse, sse2, sse3, ssse3, sse4.1, sse4.2, popcnt, clmul, erms, 3dnowpref, tsc, tscinvbit

Memory: 4k page, physical 1976016k(202676k free), swap 8005328k(6188k free)

vm_info: Java HotSpot(TM) 64-Bit Server VM (25.65-b01) for windows-amd64 JRE (1.8.0_65-b17), built on Oct  6 2015 16:39:20 by "java_re" with MS VC++ 10.0 (VS2010)

time: Wed Nov 18 14:36:21 2015
elapsed time: 0 seconds (0d 0h 0m 0s)

